<?xml version="1.0" encoding="UTF-8" ?>
<testsuite failures="0" time="6.366" errors="1" skipped="0" tests="3" name="com.messolution.openmes.openmes_plugin_baseInfomation.FactoryModelServiceTest">
  <properties>
[...]
</properties>
  <testcase time="6.09" classname="com.messolution.openmes.openmes_plugin_baseInfomation.FactoryModelServiceTest" name="findAllEnterprise"/>
  <testcase time="0.009" classname="com.messolution.openmes.openmes_plugin_baseInfomation.FactoryModelServiceTest" name="saveOrUpdateEnterprisetest">
    <error type="java.lang.NullPointerException">java.lang.NullPointerException
	at com.messolution.openmes.openmes_plugin_baseInfomation.FactoryModelServiceTest.saveOrUpdateEnterprisetest(FactoryModelServiceTest.java:34)
	at sun.reflect.NativeMethodAccessorImpl.invoke0(Native Method)
	at sun.reflect.NativeMethodAccessorImpl.invoke(NativeMethodAccessorImpl.java:57)
	at sun.reflect.DelegatingMethodAccessorImpl.invoke(DelegatingMethodAccessorImpl.java:43)
	at java.lang.reflect.Method.invoke(Method.java:606)
	at org.junit.runners.model.FrameworkMethod$1.runReflectiveCall(FrameworkMethod.java:45)
	at org.junit.internal.runners.model.ReflectiveCallable.run(ReflectiveCallable.java:15)
	at org.junit.runners.model.FrameworkMethod.invokeExplosively(FrameworkMethod.java:42)
	at org.junit.internal.runners.statements.InvokeMethod.evaluate(InvokeMethod.java:20)
	at org.springframework.test.context.junit4.statements.RunBeforeTestMethodCallbacks.evaluate(RunBeforeTestMethodCallbacks.java:74)
	at org.springframework.test.context.junit4.statements.RunAfterTestMethodCallbacks.evaluate(RunAfterTestMethodCallbacks.java:83)
	at org.springframework.test.context.junit4.statements.SpringRepeat.evaluate(SpringRepeat.java:72)
	at org.springframework.test.context.junit4.SpringJUnit4ClassRunner.runChild(SpringJUnit4ClassRunner.java:231)
	at org.springframework.test.context.junit4.SpringJUnit4ClassRunner.runChild(SpringJUnit4ClassRunner.java:88)
	at org.junit.runners.ParentRunner$3.run(ParentRunner.java:231)
	at org.junit.runners.ParentRunner$1.schedule(ParentRunner.java:60)
	at org.junit.runners.ParentRunner.runChildren(ParentRunner.java:229)
	at org.junit.runners.ParentRunner.access$000(ParentRunner.java:50)
	at org.junit.runners.ParentRunner$2.evaluate(ParentRunner.java:222)
	at org.springframework.test.context.junit4.statements.RunBeforeTestClassCallbacks.evaluate(RunBeforeTestClassCallbacks.java:61)
	at org.springframework.test.context.junit4.statements.RunAfterTestClassCallbacks.evaluate(RunAfterTestClassCallbacks.java:71)
	at org.junit.runners.ParentRunner.run(ParentRunner.java:300)
	at org.springframework.test.context.junit4.SpringJUnit4ClassRunner.run(SpringJUnit4ClassRunner.java:174)
	at org.apache.maven.surefire.junit4.JUnit4TestSet.execute(JUnit4TestSet.java:53)
	at org.apache.maven.surefire.junit4.JUnit4Provider.executeTestSet(JUnit4Provider.java:123)
	at org.apache.maven.surefire.junit4.JUnit4Provider.invoke(JUnit4Provider.java:104)
	at sun.reflect.NativeMethodAccessorImpl.invoke0(Native Method)
	at sun.reflect.NativeMethodAccessorImpl.invoke(NativeMethodAccessorImpl.java:57)
	at sun.reflect.DelegatingMethodAccessorImpl.invoke(DelegatingMethodAccessorImpl.java:43)
	at java.lang.reflect.Method.invoke(Method.java:606)
	at org.apache.maven.surefire.util.ReflectionUtils.invokeMethodWithArray(ReflectionUtils.java:164)
	at org.apache.maven.surefire.booter.ProviderFactory$ProviderProxy.invoke(ProviderFactory.java:110)
	at org.apache.maven.surefire.booter.SurefireStarter.invokeProvider(SurefireStarter.java:175)
	at org.apache.maven.surefire.booter.SurefireStarter.runSuitesInProcessWhenForked(SurefireStarter.java:107)
	at org.apache.maven.surefire.booter.ForkedBooter.main(ForkedBooter.java:68)
</error>
    <system-out>2014-10-27 22:42:29,586 [main] DEBUG org.springframework.test.annotation.ProfileValueUtils - Retrieved @ProfileValueSourceConfiguration [null] for test class [com.messolution.openmes.openmes_plugin_baseInfomation.FactoryModelServiceTest]
2014-10-27 22:42:29,587 [main] DEBUG org.springframework.test.annotation.ProfileValueUtils - Retrieved ProfileValueSource type [class org.springframework.test.annotation.SystemProfileValueSource] for class [com.messolution.openmes.openmes_plugin_baseInfomation.FactoryModelServiceTest]
2014-10-27 22:42:29,588 [main] DEBUG org.springframework.test.context.support.DependencyInjectionTestExecutionListener - Performing dependency injection for test context [[TestContext@4f124609 testClass = FactoryModelServiceTest, testInstance = com.messolution.openmes.openmes_plugin_baseInfomation.FactoryModelServiceTest@2c5153e, testMethod = [null], testException = [null], mergedContextConfiguration = [MergedContextConfiguration@39fe9830 testClass = FactoryModelServiceTest, locations = &apos;{classpath:applicationContext-test.xml}&apos;, classes = &apos;{}&apos;, contextInitializerClasses = &apos;[]&apos;, activeProfiles = &apos;{}&apos;, contextLoader = &apos;org.springframework.test.context.support.DelegatingSmartContextLoader&apos;, parent = [null]]]].
2014-10-27 22:42:29,589 [main] DEBUG org.springframework.test.context.CacheAwareContextLoaderDelegate - Retrieved ApplicationContext from cache with key [[MergedContextConfiguration@39fe9830 testClass = FactoryModelServiceTest, locations = &apos;{classpath:applicationContext-test.xml}&apos;, classes = &apos;{}&apos;, contextInitializerClasses = &apos;[]&apos;, activeProfiles = &apos;{}&apos;, contextLoader = &apos;org.springframework.test.context.support.DelegatingSmartContextLoader&apos;, parent = [null]]].
2014-10-27 22:42:29,590 [main] DEBUG org.springframework.beans.factory.annotation.InjectionMetadata - Processing injected method of bean &apos;com.messolution.openmes.openmes_plugin_baseInfomation.FactoryModelServiceTest&apos;: AutowiredFieldElement for public com.messolution.openmes.service.baseInfo.factoryModel.IFactoryModelService com.messolution.openmes.openmes_plugin_baseInfomation.FactoryModelServiceTest.factoryModelService
2014-10-27 22:42:29,590 [main] DEBUG org.springframework.beans.factory.annotation.InjectionMetadata - Processing injected method of bean &apos;com.messolution.openmes.openmes_plugin_baseInfomation.FactoryModelServiceTest&apos;: AutowiredFieldElement for public com.messolution.openmes.service.baseInfo.factoryModel.IFactoryModelService com.messolution.openmes.openmes_plugin_baseInfomation.FactoryModelServiceTest.factoryModelService
2014-10-27 22:42:29,591 [main] DEBUG org.springframework.beans.factory.support.DefaultListableBeanFactory - Returning cached instance of singleton bean &apos;factoryModelService&apos;
2014-10-27 22:42:29,594 [main] DEBUG org.springframework.test.context.support.DirtiesContextTestExecutionListener - After test method: context [[TestContext@4f124609 testClass = FactoryModelServiceTest, testInstance = com.messolution.openmes.openmes_plugin_baseInfomation.FactoryModelServiceTest@2c5153e, testMethod = saveOrUpdateEnterprisetest@FactoryModelServiceTest, testException = java.lang.NullPointerException, mergedContextConfiguration = [MergedContextConfiguration@39fe9830 testClass = FactoryModelServiceTest, locations = &apos;{classpath:applicationContext-test.xml}&apos;, classes = &apos;{}&apos;, contextInitializerClasses = &apos;[]&apos;, activeProfiles = &apos;{}&apos;, contextLoader = &apos;org.springframework.test.context.support.DelegatingSmartContextLoader&apos;, parent = [null]]]], class dirties context [false], class mode [null], method dirties context [false].
</system-out>
  </testcase>
  <testcase time="0.042" classname="com.messolution.openmes.openmes_plugin_baseInfomation.FactoryModelServiceTest" name="getEnterprise"/>
</testsuite>